cl : command line warning D9035: option 'Gm' has been deprecated and will be removed in a future release
  ToPlayMode.cpp
  ToDesignMode.cpp
  TakeCityCard_12.cpp
  Snake.cpp
  SellCity.cpp
D:\College\Mis\Project_Code_B3_Submitted\SellCity.cpp(68,49): warning C4244: 'argument': conversion from 'double' to 'int', possible loss of data
D:\College\Mis\Project_Code_B3_Submitted\SellCity.cpp(80,49): warning C4244: 'argument': conversion from 'double' to 'int', possible loss of data
D:\College\Mis\Project_Code_B3_Submitted\SellCity.cpp(91,49): warning C4244: 'argument': conversion from 'double' to 'int', possible loss of data
D:\College\Mis\Project_Code_B3_Submitted\SellCity.cpp(102,49): warning C4244: 'argument': conversion from 'double' to 'int', possible loss of data
D:\College\Mis\Project_Code_B3_Submitted\SellCity.cpp(114,49): warning C4244: 'argument': conversion from 'double' to 'int', possible loss of data
  SaveGrid.cpp
  RollDiceAction.cpp
  ReturnMortgagedCard_14.cpp
  ReturnMortagage.cpp
D:\College\Mis\Project_Code_B3_Submitted\ReturnMortagage.cpp(62,51): warning C4244: 'argument': conversion from 'double' to 'int', possible loss of data
D:\College\Mis\Project_Code_B3_Submitted\ReturnMortagage.cpp(63,75): warning C4244: 'argument': conversion from 'double' to 'int', possible loss of data
D:\College\Mis\Project_Code_B3_Submitted\ReturnMortagage.cpp(81,51): warning C4244: 'argument': conversion from 'double' to 'int', possible loss of data
D:\College\Mis\Project_Code_B3_Submitted\ReturnMortagage.cpp(82,73): warning C4244: 'argument': conversion from 'double' to 'int', possible loss of data
D:\College\Mis\Project_Code_B3_Submitted\ReturnMortagage.cpp(100,51): warning C4244: 'argument': conversion from 'double' to 'int', possible loss of data
D:\College\Mis\Project_Code_B3_Submitted\ReturnMortagage.cpp(101,75): warning C4244: 'argument': conversion from 'double' to 'int', possible loss of data
D:\College\Mis\Project_Code_B3_Submitted\ReturnMortagage.cpp(119,51): warning C4244: 'argument': conversion from 'double' to 'int', possible loss of data
D:\College\Mis\Project_Code_B3_Submitted\ReturnMortagage.cpp(120,75): warning C4244: 'argument': conversion from 'double' to 'int', possible loss of data
D:\College\Mis\Project_Code_B3_Submitted\ReturnMortagage.cpp(138,51): warning C4244: 'argument': conversion from 'double' to 'int', possible loss of data
D:\College\Mis\Project_Code_B3_Submitted\ReturnMortagage.cpp(139,81): warning C4244: 'argument': conversion from 'double' to 'int', possible loss of data
  PreventCard_4.cpp
  Player.cpp
  Paste.cpp
  Output.cpp
  OpenGrid.cpp
  OfferMortagage.cpp
  NextCard_2.cpp
  NewGame.cpp
  Main.cpp
  Luxor_10.cpp
  LoseCityCard_13.cpp
  Generating Code...
  Compiling...
  Ladder.cpp
  InputDiceValue.cpp
  Input.cpp
  Hurghada_11.cpp
  Grid.cpp
  GameObject.cpp
  FreezeCard_6.cpp
  FireCard_5.cpp
  DeleteGameObject.cpp
  DecWalletCard_1.cpp
  Cut.cpp
  Copy.cpp
  CoinSet.cpp
  windowinput.cpp
  mousequeue.cpp
  keyqueue.cpp
  image.cpp
D:\College\Mis\Project_Code_B3_Submitted\CMUgraphicsLib\image.cpp(115,29): warning C4018: '<': signed/unsigned mismatch
  colors.cpp
  CMUgraphics.cpp
D:\College\Mis\Project_Code_B3_Submitted\CMUgraphicsLib\CMUgraphics.cpp(257,9): warning C4101: 'iX': unreferenced local variable
D:\College\Mis\Project_Code_B3_Submitted\CMUgraphicsLib\CMUgraphics.cpp(257,13): warning C4101: 'iY': unreferenced local variable
D:\College\Mis\Project_Code_B3_Submitted\CMUgraphicsLib\CMUgraphics.cpp(751,3): warning C4996: 'strcpy': This function or variable may be unsafe. Consider using strcpy_s instead. To disable deprecation, use _CRT_SECURE_NO_WARNINGS. See online help for details.
D:\College\Mis\Project_Code_B3_Submitted\CMUgraphicsLib\CMUgraphics.cpp(1164,2): warning C4996: 'sprintf': This function or variable may be unsafe. Consider using sprintf_s instead. To disable deprecation, use _CRT_SECURE_NO_WARNINGS. See online help for details.
D:\College\Mis\Project_Code_B3_Submitted\CMUgraphicsLib\CMUgraphics.cpp(1171,2): warning C4996: 'sprintf': This function or variable may be unsafe. Consider using sprintf_s instead. To disable deprecation, use _CRT_SECURE_NO_WARNINGS. See online help for details.
D:\College\Mis\Project_Code_B3_Submitted\CMUgraphicsLib\CMUgraphics.cpp(1202,2): warning C4996: 'sprintf': This function or variable may be unsafe. Consider using sprintf_s instead. To disable deprecation, use _CRT_SECURE_NO_WARNINGS. See online help for details.
D:\College\Mis\Project_Code_B3_Submitted\CMUgraphicsLib\CMUgraphics.cpp(1210,2): warning C4996: 'sprintf': This function or variable may be unsafe. Consider using sprintf_s instead. To disable deprecation, use _CRT_SECURE_NO_WARNINGS. See online help for details.
D:\College\Mis\Project_Code_B3_Submitted\CMUgraphicsLib\CMUgraphics.cpp(1357,23): warning C4018: '>': signed/unsigned mismatch
  auxil.cpp
  Generating Code...
  Compiling...
  CellPosition.cpp
  Cell.cpp
  Card.cpp
  Cairo_7.cpp
  BenefitAllCard_15.cpp
  BackwardCard_3.cpp
  Aswan_9.cpp
  ApplicationManager.cpp
  Alex_8.cpp
  AddSnakeAction.cpp
  AddLadderAction.cpp
  AddCoinSet.cpp
  AddCardAction.cpp
  Action.cpp
  AcceptMortagage.cpp
D:\College\Mis\Project_Code_B3_Submitted\AcceptMortagage.cpp(63,50): warning C4244: 'argument': conversion from 'double' to 'int', possible loss of data
D:\College\Mis\Project_Code_B3_Submitted\AcceptMortagage.cpp(64,74): warning C4244: 'argument': conversion from 'double' to 'int', possible loss of data
D:\College\Mis\Project_Code_B3_Submitted\AcceptMortagage.cpp(80,50): warning C4244: 'argument': conversion from 'double' to 'int', possible loss of data
D:\College\Mis\Project_Code_B3_Submitted\AcceptMortagage.cpp(81,72): warning C4244: 'argument': conversion from 'double' to 'int', possible loss of data
D:\College\Mis\Project_Code_B3_Submitted\AcceptMortagage.cpp(97,50): warning C4244: 'argument': conversion from 'double' to 'int', possible loss of data
D:\College\Mis\Project_Code_B3_Submitted\AcceptMortagage.cpp(98,74): warning C4244: 'argument': conversion from 'double' to 'int', possible loss of data
D:\College\Mis\Project_Code_B3_Submitted\AcceptMortagage.cpp(114,50): warning C4244: 'argument': conversion from 'double' to 'int', possible loss of data
D:\College\Mis\Project_Code_B3_Submitted\AcceptMortagage.cpp(115,74): warning C4244: 'argument': conversion from 'double' to 'int', possible loss of data
D:\College\Mis\Project_Code_B3_Submitted\AcceptMortagage.cpp(131,50): warning C4244: 'argument': conversion from 'double' to 'int', possible loss of data
D:\College\Mis\Project_Code_B3_Submitted\AcceptMortagage.cpp(132,80): warning C4244: 'argument': conversion from 'double' to 'int', possible loss of data
  Generating Code...
cl : command line warning D9035: option 'Gm' has been deprecated and will be removed in a future release
  jutils.c
  jquant2.c
  jquant1.c
  jmemnobs.c
  jmemmgr.c
D:\College\Mis\Project_Code_B3_Submitted\CMUgraphicsLib\jpeg\jmemmgr.c(1103,19): warning C4996: 'getenv': This function or variable may be unsafe. Consider using _dupenv_s instead. To disable deprecation, use _CRT_SECURE_NO_WARNINGS. See online help for details.
D:\College\Mis\Project_Code_B3_Submitted\CMUgraphicsLib\jpeg\jmemmgr.c(1106,11): warning C4996: 'sscanf': This function or variable may be unsafe. Consider using sscanf_s instead. To disable deprecation, use _CRT_SECURE_NO_WARNINGS. See online help for details.
  jidctred.c
  jidctint.c
  jidctfst.c
  jidctflt.c
  jerror.c
D:\College\Mis\Project_Code_B3_Submitted\CMUgraphicsLib\jpeg\jerror.c(169,5): warning C4996: 'sprintf': This function or variable may be unsafe. Consider using sprintf_s instead. To disable deprecation, use _CRT_SECURE_NO_WARNINGS. See online help for details.
D:\College\Mis\Project_Code_B3_Submitted\CMUgraphicsLib\jpeg\jerror.c(171,5): warning C4996: 'sprintf': This function or variable may be unsafe. Consider using sprintf_s instead. To disable deprecation, use _CRT_SECURE_NO_WARNINGS. See online help for details.
  jdtrans.c
  jdsample.c
  jdpostct.c
  jdphuff.c
  jdmerge.c
  jdmaster.c
  jdmarker.c
  jdmainct.c
  jdinput.c
  jdhuff.c
  Generating Code...
  Compiling...
  jddctmgr.c
  jdcolor.c
  jdcoefct.c
  jdatasrc.c
  jdapistd.c
  jdapimin.c
  jcparam.c
  jcomapi.c
  jpegload.c
D:\College\Mis\Project_Code_B3_Submitted\CMUgraphicsLib\jpegload.c(23,12): warning C4996: 'fopen': This function or variable may be unsafe. Consider using fopen_s instead. To disable deprecation, use _CRT_SECURE_NO_WARNINGS. See online help for details.
  Generating Code...
AcceptMortagage.obj : warning LNK4075: ignoring '/EDITANDCONTINUE' due to '/SAFESEH' specification
  PT-Project.vcxproj -> D:\College\Mis\Project_Code_B3_Submitted\Debug\PT Project.exe
